[2024-03-07 05:15:14][136] Processing: App\Jobs\SendEmail
[2024-03-07 05:15:34][136] Processed:  App\Jobs\SendEmail
[2024-03-07 05:15:34][137] Processing: App\Jobs\SendEmail
[2024-03-07 05:15:35][137] Processed:  App\Jobs\SendEmail
[2024-03-07 05:15:35][138] Processing: App\Jobs\SendEmail
[2024-03-07 05:15:35][138] Processed:  App\Jobs\SendEmail
[2024-03-07 05:15:35][139] Processing: App\Jobs\SendEmail
[2024-03-07 05:15:35][139] Processed:  App\Jobs\SendEmail
[2024-03-07 05:15:35][140] Processing: App\Jobs\SendEmail
[2024-03-07 05:15:35][140] Processed:  App\Jobs\SendEmail
[2024-03-07 05:15:35][141] Processing: App\Jobs\SendEmail
[2024-03-07 05:15:35][141] Processed:  App\Jobs\SendEmail
[2024-03-07 05:15:35][142] Processing: App\Jobs\SendNotification
[2024-03-07 05:15:35][142] Failed:     App\Jobs\SendNotification
[2024-03-07 05:22:17][143] Processing: App\Jobs\SendEmail
[2024-03-07 05:22:17][143] Processed:  App\Jobs\SendEmail
[2024-03-07 05:35:24][144] Processing: App\Jobs\SendNotification
[2024-03-07 05:35:24][144] Failed:     App\Jobs\SendNotification
[2024-03-07 05:44:45][145] Processing: App\Jobs\SendEmail
[2024-03-07 05:44:45][145] Processed:  App\Jobs\SendEmail
[2024-03-07 05:45:12][146] Processing: App\Jobs\SendEmail
[2024-03-07 05:45:12][146] Processed:  App\Jobs\SendEmail
[2024-03-07 05:45:45][147] Processing: App\Jobs\SendEmail
[2024-03-07 05:45:45][147] Processed:  App\Jobs\SendEmail
[2024-03-07 05:46:45][148] Processing: App\Jobs\SendEmail
[2024-03-07 05:46:45][148] Failed:     App\Jobs\SendEmail
[2024-03-07 05:50:33][149] Processing: App\Jobs\SendEmail
[2024-03-07 05:50:34][149] Processed:  App\Jobs\SendEmail
[2024-03-07 05:52:49][150] Processing: App\Jobs\SendEmail
[2024-03-07 05:52:49][150] Processed:  App\Jobs\SendEmail
[2024-03-07 05:54:43][151] Processing: App\Jobs\SendEmail
[2024-03-07 05:54:43][151] Processed:  App\Jobs\SendEmail
